Determining if the pthread_create exist failed with the following output:
Change Dir: /home/josu/Desktop/Server/cmake-build-debug/CMakeFiles/CMakeTmp

Run Build Command:"/usr/bin/make" "cmTC_4336f/fast"
/usr/bin/make -f CMakeFiles/cmTC_4336f.dir/build.make CMakeFiles/cmTC_4336f.dir/build
make[1]: Entering directory '/home/josu/Desktop/Server/cmake-build-debug/CMakeFiles/CMakeTmp'
Building C object CMakeFiles/cmTC_4336f.dir/CheckSymbolExists.c.o
/usr/bin/cc    -o CMakeFiles/cmTC_4336f.dir/CheckSymbolExists.c.o   -c /home/josu/Desktop/Server/cmake-build-debug/CMakeFiles/CMakeTmp/CheckSymbolExists.c
Linking C executable cmTC_4336f
/home/josu/Documents/clion-2018.3.4/bin/cmake/linux/bin/cmake -E cmake_link_script CMakeFiles/cmTC_4336f.dir/link.txt --verbose=1
/usr/bin/cc      CMakeFiles/cmTC_4336f.dir/CheckSymbolExists.c.o  -o cmTC_4336f 
CMakeFiles/cmTC_4336f.dir/CheckSymbolExists.c.o: In function `main':
CheckSymbolExists.c:(.text+0x1b): undefined reference to `pthread_create'
collect2: error: ld returned 1 exit status
CMakeFiles/cmTC_4336f.dir/build.make:86: recipe for target 'cmTC_4336f' failed
make[1]: *** [cmTC_4336f] Error 1
make[1]: Leaving directory '/home/josu/Desktop/Server/cmake-build-debug/CMakeFiles/CMakeTmp'
Makefile:121: recipe for target 'cmTC_4336f/fast' failed
make: *** [cmTC_4336f/fast] Error 2

File /home/josu/Desktop/Server/cmake-build-debug/CMakeFiles/CMakeTmp/CheckSymbolExists.c:
/* */
#include <pthread.h>

int main(int argc, char** argv)
{
  (void)argv;
#ifndef pthread_create
  return ((int*)(&pthread_create))[argc];
#else
  (void)argc;
  return 0;
#endif
}

Determining if the function pthread_create exists in the pthreads failed with the following output:
Change Dir: /home/josu/Desktop/Server/cmake-build-debug/CMakeFiles/CMakeTmp

Run Build Command:"/usr/bin/make" "cmTC_6ad6f/fast"
/usr/bin/make -f CMakeFiles/cmTC_6ad6f.dir/build.make CMakeFiles/cmTC_6ad6f.dir/build
make[1]: Entering directory '/home/josu/Desktop/Server/cmake-build-debug/CMakeFiles/CMakeTmp'
Building C object CMakeFiles/cmTC_6ad6f.dir/CheckFunctionExists.c.o
/usr/bin/cc   -DCHECK_FUNCTION_EXISTS=pthread_create   -o CMakeFiles/cmTC_6ad6f.dir/CheckFunctionExists.c.o   -c /home/josu/Documents/clion-2018.3.4/bin/cmake/linux/share/cmake-3.13/Modules/CheckFunctionExists.c
Linking C executable cmTC_6ad6f
/home/josu/Documents/clion-2018.3.4/bin/cmake/linux/bin/cmake -E cmake_link_script CMakeFiles/cmTC_6ad6f.dir/link.txt --verbose=1
/usr/bin/cc  -DCHECK_FUNCTION_EXISTS=pthread_create    CMakeFiles/cmTC_6ad6f.dir/CheckFunctionExists.c.o  -o cmTC_6ad6f -lpthreads 
/usr/bin/ld: cannot find -lpthreads
collect2: error: ld returned 1 exit status
CMakeFiles/cmTC_6ad6f.dir/build.make:86: recipe for target 'cmTC_6ad6f' failed
make[1]: *** [cmTC_6ad6f] Error 1
make[1]: Leaving directory '/home/josu/Desktop/Server/cmake-build-debug/CMakeFiles/CMakeTmp'
Makefile:121: recipe for target 'cmTC_6ad6f/fast' failed
make: *** [cmTC_6ad6f/fast] Error 2


