Determining if the pthread_create exist failed with the following output:
Change Dir: /home/tati2327/Documentos/GITHUB/Project2/Tati/Logic/Client/cmake-build-debug/CMakeFiles/CMakeTmp

Run Build Command:"/usr/bin/make" "cmTC_33bbd/fast"
/usr/bin/make -f CMakeFiles/cmTC_33bbd.dir/build.make CMakeFiles/cmTC_33bbd.dir/build
make[1]: se entra en el directorio '/home/tati2327/Documentos/GITHUB/Project2/Tati/Logic/Client/cmake-build-debug/CMakeFiles/CMakeTmp'
Building C object CMakeFiles/cmTC_33bbd.dir/CheckSymbolExists.c.o
/usr/bin/cc    -o CMakeFiles/cmTC_33bbd.dir/CheckSymbolExists.c.o   -c /home/tati2327/Documentos/GITHUB/Project2/Tati/Logic/Client/cmake-build-debug/CMakeFiles/CMakeTmp/CheckSymbolExists.c
Linking C executable cmTC_33bbd
/home/tati2327/clion-2018.3.4/bin/cmake/linux/bin/cmake -E cmake_link_script CMakeFiles/cmTC_33bbd.dir/link.txt --verbose=1
/usr/bin/cc      CMakeFiles/cmTC_33bbd.dir/CheckSymbolExists.c.o  -o cmTC_33bbd 
CMakeFiles/cmTC_33bbd.dir/CheckSymbolExists.c.o: En la función `main':
CheckSymbolExists.c:(.text+0x1b): referencia a `pthread_create' sin definir
collect2: error: ld returned 1 exit status
CMakeFiles/cmTC_33bbd.dir/build.make:86: recipe for target 'cmTC_33bbd' failed
make[1]: *** [cmTC_33bbd] Error 1
make[1]: se sale del directorio '/home/tati2327/Documentos/GITHUB/Project2/Tati/Logic/Client/cmake-build-debug/CMakeFiles/CMakeTmp'
Makefile:121: recipe for target 'cmTC_33bbd/fast' failed
make: *** [cmTC_33bbd/fast] Error 2

File /home/tati2327/Documentos/GITHUB/Project2/Tati/Logic/Client/cmake-build-debug/CMakeFiles/CMakeTmp/CheckSymbolExists.c:
/* */
#include <pthread.h>

int main(int argc, char** argv)
{
  (void)argv;
#ifndef pthread_create
  return ((int*)(&pthread_create))[argc];
#else
  (void)argc;
  return 0;
#endif
}

Determining if the function pthread_create exists in the pthreads failed with the following output:
Change Dir: /home/tati2327/Documentos/GITHUB/Project2/Tati/Logic/Client/cmake-build-debug/CMakeFiles/CMakeTmp

Run Build Command:"/usr/bin/make" "cmTC_52177/fast"
/usr/bin/make -f CMakeFiles/cmTC_52177.dir/build.make CMakeFiles/cmTC_52177.dir/build
make[1]: se entra en el directorio '/home/tati2327/Documentos/GITHUB/Project2/Tati/Logic/Client/cmake-build-debug/CMakeFiles/CMakeTmp'
Building C object CMakeFiles/cmTC_52177.dir/CheckFunctionExists.c.o
/usr/bin/cc   -DCHECK_FUNCTION_EXISTS=pthread_create   -o CMakeFiles/cmTC_52177.dir/CheckFunctionExists.c.o   -c /home/tati2327/clion-2018.3.4/bin/cmake/linux/share/cmake-3.13/Modules/CheckFunctionExists.c
Linking C executable cmTC_52177
/home/tati2327/clion-2018.3.4/bin/cmake/linux/bin/cmake -E cmake_link_script CMakeFiles/cmTC_52177.dir/link.txt --verbose=1
/usr/bin/cc  -DCHECK_FUNCTION_EXISTS=pthread_create    CMakeFiles/cmTC_52177.dir/CheckFunctionExists.c.o  -o cmTC_52177 -lpthreads 
/usr/bin/ld: no se puede encontrar -lpthreads
collect2: error: ld returned 1 exit status
CMakeFiles/cmTC_52177.dir/build.make:86: recipe for target 'cmTC_52177' failed
make[1]: *** [cmTC_52177] Error 1
make[1]: se sale del directorio '/home/tati2327/Documentos/GITHUB/Project2/Tati/Logic/Client/cmake-build-debug/CMakeFiles/CMakeTmp'
Makefile:121: recipe for target 'cmTC_52177/fast' failed
make: *** [cmTC_52177/fast] Error 2


