Determining if the pthread_create exist failed with the following output:
Change Dir: /home/tati2327/Documentos/GITHUB/Project2/Tati/Logic/Server/cmake-build-debug/CMakeFiles/CMakeTmp

Run Build Command:"/usr/bin/make" "cmTC_c4e98/fast"
/usr/bin/make -f CMakeFiles/cmTC_c4e98.dir/build.make CMakeFiles/cmTC_c4e98.dir/build
make[1]: se entra en el directorio '/home/tati2327/Documentos/GITHUB/Project2/Tati/Logic/Server/cmake-build-debug/CMakeFiles/CMakeTmp'
Building C object CMakeFiles/cmTC_c4e98.dir/CheckSymbolExists.c.o
/usr/bin/cc    -o CMakeFiles/cmTC_c4e98.dir/CheckSymbolExists.c.o   -c /home/tati2327/Documentos/GITHUB/Project2/Tati/Logic/Server/cmake-build-debug/CMakeFiles/CMakeTmp/CheckSymbolExists.c
Linking C executable cmTC_c4e98
/home/tati2327/clion-2018.3.4/bin/cmake/linux/bin/cmake -E cmake_link_script CMakeFiles/cmTC_c4e98.dir/link.txt --verbose=1
/usr/bin/cc      CMakeFiles/cmTC_c4e98.dir/CheckSymbolExists.c.o  -o cmTC_c4e98 
CMakeFiles/cmTC_c4e98.dir/CheckSymbolExists.c.o: En la función `main':
CheckSymbolExists.c:(.text+0x1b): referencia a `pthread_create' sin definir
collect2: error: ld returned 1 exit status
CMakeFiles/cmTC_c4e98.dir/build.make:86: recipe for target 'cmTC_c4e98' failed
make[1]: *** [cmTC_c4e98] Error 1
make[1]: se sale del directorio '/home/tati2327/Documentos/GITHUB/Project2/Tati/Logic/Server/cmake-build-debug/CMakeFiles/CMakeTmp'
Makefile:121: recipe for target 'cmTC_c4e98/fast' failed
make: *** [cmTC_c4e98/fast] Error 2

File /home/tati2327/Documentos/GITHUB/Project2/Tati/Logic/Server/cmake-build-debug/CMakeFiles/CMakeTmp/CheckSymbolExists.c:
/* */
#include <pthread.h>

int main(int argc, char** argv)
{
  (void)argv;
#ifndef pthread_create
  return ((int*)(&pthread_create))[argc];
#else
  (void)argc;
  return 0;
#endif
}

Determining if the function pthread_create exists in the pthreads failed with the following output:
Change Dir: /home/tati2327/Documentos/GITHUB/Project2/Tati/Logic/Server/cmake-build-debug/CMakeFiles/CMakeTmp

Run Build Command:"/usr/bin/make" "cmTC_22774/fast"
/usr/bin/make -f CMakeFiles/cmTC_22774.dir/build.make CMakeFiles/cmTC_22774.dir/build
make[1]: se entra en el directorio '/home/tati2327/Documentos/GITHUB/Project2/Tati/Logic/Server/cmake-build-debug/CMakeFiles/CMakeTmp'
Building C object CMakeFiles/cmTC_22774.dir/CheckFunctionExists.c.o
/usr/bin/cc   -DCHECK_FUNCTION_EXISTS=pthread_create   -o CMakeFiles/cmTC_22774.dir/CheckFunctionExists.c.o   -c /home/tati2327/clion-2018.3.4/bin/cmake/linux/share/cmake-3.13/Modules/CheckFunctionExists.c
Linking C executable cmTC_22774
/home/tati2327/clion-2018.3.4/bin/cmake/linux/bin/cmake -E cmake_link_script CMakeFiles/cmTC_22774.dir/link.txt --verbose=1
/usr/bin/cc  -DCHECK_FUNCTION_EXISTS=pthread_create    CMakeFiles/cmTC_22774.dir/CheckFunctionExists.c.o  -o cmTC_22774 -lpthreads 
/usr/bin/ld: no se puede encontrar -lpthreads
collect2: error: ld returned 1 exit status
CMakeFiles/cmTC_22774.dir/build.make:86: recipe for target 'cmTC_22774' failed
make[1]: *** [cmTC_22774] Error 1
make[1]: se sale del directorio '/home/tati2327/Documentos/GITHUB/Project2/Tati/Logic/Server/cmake-build-debug/CMakeFiles/CMakeTmp'
Makefile:121: recipe for target 'cmTC_22774/fast' failed
make: *** [cmTC_22774/fast] Error 2


